# JRE version: OpenJDK Runtime Environment Temurin-17.0.11+9 (17.0.11+9) (build 17.0.11+9)
# Java VM: OpenJDK 64-Bit Server VM Temurin-17.0.11+9 (17.0.11+9, mixed mode, tiered, compressed class ptrs, parallel gc, windows-amd64)
GC Precious Log:
 CPUs: 32 total, 32 available
 Memory: 16077M
 Large Page Support: Disabled
 NUMA Support: Disabled
 Compressed Oops: Disabled
 Alignments: Space 512K, Generation 512K, Heap 2M
 Heap Min Capacity: 100M
 Heap Initial Capacity: 100M
 Heap Max Capacity: 64G
 Pre-touch: Disabled
 Parallel Workers: 23
Heap:
 PSYoungGen      total 23552K, used 18334K [0x000001f4a3500000, 0x000001f4a4e80000, 0x000001f9f8a00000)
  eden space 22016K, 76% used [0x000001f4a3500000,0x000001f4a4567968,0x000001f4a4a80000)
  from space 1536K, 100% used [0x000001f4a4d00000,0x000001f4a4e80000,0x000001f4a4e80000)
  to   space 2048K, 0% used [0x000001f4a4a80000,0x000001f4a4a80000,0x000001f4a4c80000)
 ParOldGen       total 68608K, used 28902K [0x000001e9f8a00000, 0x000001e9fcd00000, 0x000001f4a3500000)
  object space 68608K, 42% used [0x000001e9f8a00000,0x000001e9fa639ad0,0x000001e9fcd00000)
 Metaspace       used 53255K, committed 54336K, reserved 1114112K
  class space    used 5729K, committed 6144K, reserved 1048576K
GC Heap History (20 events):
Event: 3.001 GC heap before
{Heap before GC invocations=13 (full 1):
 PSYoungGen      total 23040K, used 6214K [0x000001f4a3500000, 0x000001f4a4f80000, 0x000001f9f8a00000)
  eden space 22016K, 24% used [0x000001f4a3500000,0x000001f4a3a2bb88,0x000001f4a4a80000)
  from space 1024K, 89% used [0x000001f4a4b80000,0x000001f4a4c65e10,0x000001f4a4c80000)
  to   space 2048K, 0% used [0x000001f4a4d80000,0x000001f4a4d80000,0x000001f4a4f80000)
 ParOldGen       total 68608K, used 23526K [0x000001e9f8a00000, 0x000001e9fcd00000, 0x000001f4a3500000)
  object space 68608K, 34% used [0x000001e9f8a00000,0x000001e9fa0f9830,0x000001e9fcd00000)
 Metaspace       used 35029K, committed 35840K, reserved 1114112K
  class space    used 3412K, committed 3776K, reserved 1048576K
}
Event: 3.002 GC heap after
{Heap after GC invocations=13 (full 1):
 PSYoungGen      total 23040K, used 590K [0x000001f4a3500000, 0x000001f4a4e80000, 0x000001f9f8a00000)
  eden space 22016K, 0% used [0x000001f4a3500000,0x000001f4a3500000,0x000001f4a4a80000)
  from space 1024K, 57% used [0x000001f4a4d80000,0x000001f4a4e13bb8,0x000001f4a4e80000)
  to   space 1024K, 0% used [0x000001f4a4b80000,0x000001f4a4b80000,0x000001f4a4c80000)
 ParOldGen       total 68608K, used 24324K [0x000001e9f8a00000, 0x000001e9fcd00000, 0x000001f4a3500000)
  object space 68608K, 35% used [0x000001e9f8a00000,0x000001e9fa1c1258,0x000001e9fcd00000)
 Metaspace       used 35029K, committed 35840K, reserved 1114112K
  class space    used 3412K, committed 3776K, reserved 1048576K
}
Event: 3.002 GC heap before
{Heap before GC invocations=14 (full 2):
 PSYoungGen      total 23040K, used 590K [0x000001f4a3500000, 0x000001f4a4e80000, 0x000001f9f8a00000)
  eden space 22016K, 0% used [0x000001f4a3500000,0x000001f4a3500000,0x000001f4a4a80000)
  from space 1024K, 57% used [0x000001f4a4d80000,0x000001f4a4e13bb8,0x000001f4a4e80000)
  to   space 1024K, 0% used [0x000001f4a4b80000,0x000001f4a4b80000,0x000001f4a4c80000)
 ParOldGen       total 68608K, used 24324K [0x000001e9f8a00000, 0x000001e9fcd00000, 0x000001f4a3500000)
  object space 68608K, 35% used [0x000001e9f8a00000,0x000001e9fa1c1258,0x000001e9fcd00000)
 Metaspace       used 35029K, committed 35840K, reserved 1114112K
  class space    used 3412K, committed 3776K, reserved 1048576K
}
Event: 3.023 GC heap after
{Heap after GC invocations=14 (full 2):
 PSYoungGen      total 23040K, used 0K [0x000001f4a3500000, 0x000001f4a4e80000, 0x000001f9f8a00000)
  eden space 22016K, 0% used [0x000001f4a3500000,0x000001f4a3500000,0x000001f4a4a80000)
  from space 1024K, 0% used [0x000001f4a4d80000,0x000001f4a4d80000,0x000001f4a4e80000)
  to   space 1024K, 0% used [0x000001f4a4b80000,0x000001f4a4b80000,0x000001f4a4c80000)
 ParOldGen       total 68608K, used 20453K [0x000001e9f8a00000, 0x000001e9fcd00000, 0x000001f4a3500000)
  object space 68608K, 29% used [0x000001e9f8a00000,0x000001e9f9df9410,0x000001e9fcd00000)
 Metaspace       used 35015K, committed 35840K, reserved 1114112K
  class space    used 3409K, committed 3776K, reserved 1048576K
}
Event: 3.546 GC heap before
{Heap before GC invocations=15 (full 2):
 PSYoungGen      total 23040K, used 22011K [0x000001f4a3500000, 0x000001f4a4e80000, 0x000001f9f8a00000)
  eden space 22016K, 99% used [0x000001f4a3500000,0x000001f4a4a7ec60,0x000001f4a4a80000)
  from space 1024K, 0% used [0x000001f4a4d80000,0x000001f4a4d80000,0x000001f4a4e80000)
  to   space 1024K, 0% used [0x000001f4a4b80000,0x000001f4a4b80000,0x000001f4a4c80000)
 ParOldGen       total 68608K, used 20453K [0x000001e9f8a00000, 0x000001e9fcd00000, 0x000001f4a3500000)
  object space 68608K, 29% used [0x000001e9f8a00000,0x000001e9f9df9410,0x000001e9fcd00000)
 Metaspace       used 37937K, committed 38784K, reserved 1114112K
  class space    used 3779K, committed 4160K, reserved 1048576K
}
Event: 3.547 GC heap after
{Heap after GC invocations=15 (full 2):
 PSYoungGen      total 23040K, used 995K [0x000001f4a3500000, 0x000001f4a4e00000, 0x000001f9f8a00000)
  eden space 22016K, 0% used [0x000001f4a3500000,0x000001f4a3500000,0x000001f4a4a80000)
  from space 1024K, 97% used [0x000001f4a4b80000,0x000001f4a4c78ec8,0x000001f4a4c80000)
  to   space 1536K, 0% used [0x000001f4a4c80000,0x000001f4a4c80000,0x000001f4a4e00000)
 ParOldGen       total 68608K, used 20549K [0x000001e9f8a00000, 0x000001e9fcd00000, 0x000001f4a3500000)
  object space 68608K, 29% used [0x000001e9f8a00000,0x000001e9f9e11410,0x000001e9fcd00000)
 Metaspace       used 37937K, committed 38784K, reserved 1114112K
  class space    used 3779K, committed 4160K, reserved 1048576K
}
Event: 3.687 GC heap before
{Heap before GC invocations=16 (full 2):
 PSYoungGen      total 23040K, used 23011K [0x000001f4a3500000, 0x000001f4a4e00000, 0x000001f9f8a00000)
  eden space 22016K, 100% used [0x000001f4a3500000,0x000001f4a4a80000,0x000001f4a4a80000)
  from space 1024K, 97% used [0x000001f4a4b80000,0x000001f4a4c78ec8,0x000001f4a4c80000)
  to   space 1536K, 0% used [0x000001f4a4c80000,0x000001f4a4c80000,0x000001f4a4e00000)
 ParOldGen       total 68608K, used 20549K [0x000001e9f8a00000, 0x000001e9fcd00000, 0x000001f4a3500000)
  object space 68608K, 29% used [0x000001e9f8a00000,0x000001e9f9e11410,0x000001e9fcd00000)
 Metaspace       used 40423K, committed 41344K, reserved 1114112K
  class space    used 4095K, committed 4480K, reserved 1048576K
}
Event: 3.688 GC heap after
{Heap after GC invocations=16 (full 2):
 PSYoungGen      total 23552K, used 1324K [0x000001f4a3500000, 0x000001f4a4e00000, 0x000001f9f8a00000)
  eden space 22016K, 0% used [0x000001f4a3500000,0x000001f4a3500000,0x000001f4a4a80000)
  from space 1536K, 86% used [0x000001f4a4c80000,0x000001f4a4dcb1d8,0x000001f4a4e00000)
  to   space 1536K, 0% used [0x000001f4a4b00000,0x000001f4a4b00000,0x000001f4a4c80000)
 ParOldGen       total 68608K, used 21489K [0x000001e9f8a00000, 0x000001e9fcd00000, 0x000001f4a3500000)
  object space 68608K, 31% used [0x000001e9f8a00000,0x000001e9f9efc7d0,0x000001e9fcd00000)
 Metaspace       used 40423K, committed 41344K, reserved 1114112K
  class space    used 4095K, committed 4480K, reserved 1048576K
}
Event: 3.789 GC heap before
{Heap before GC invocations=17 (full 2):
 PSYoungGen      total 23552K, used 23340K [0x000001f4a3500000, 0x000001f4a4e00000, 0x000001f9f8a00000)
  eden space 22016K, 100% used [0x000001f4a3500000,0x000001f4a4a80000,0x000001f4a4a80000)
  from space 1536K, 86% used [0x000001f4a4c80000,0x000001f4a4dcb1d8,0x000001f4a4e00000)
  to   space 1536K, 0% used [0x000001f4a4b00000,0x000001f4a4b00000,0x000001f4a4c80000)
 ParOldGen       total 68608K, used 21489K [0x000001e9f8a00000, 0x000001e9fcd00000, 0x000001f4a3500000)
  object space 68608K, 31% used [0x000001e9f8a00000,0x000001e9f9efc7d0,0x000001e9fcd00000)
 Metaspace       used 41726K, committed 42624K, reserved 1114112K
  class space    used 4270K, committed 4672K, reserved 1048576K
}
Event: 3.791 GC heap after
{Heap after GC invocations=17 (full 2):
 PSYoungGen      total 23040K, used 768K [0x000001f4a3500000, 0x000001f4a4d00000, 0x000001f9f8a00000)
  eden space 22016K, 0% used [0x000001f4a3500000,0x000001f4a3500000,0x000001f4a4a80000)
  from space 1024K, 75% used [0x000001f4a4b00000,0x000001f4a4bc0000,0x000001f4a4c00000)
  to   space 1024K, 0% used [0x000001f4a4c00000,0x000001f4a4c00000,0x000001f4a4d00000)
 ParOldGen       total 68608K, used 22703K [0x000001e9f8a00000, 0x000001e9fcd00000, 0x000001f4a3500000)
  object space 68608K, 33% used [0x000001e9f8a00000,0x000001e9fa02bfc0,0x000001e9fcd00000)
 Metaspace       used 41726K, committed 42624K, reserved 1114112K
  class space    used 4270K, committed 4672K, reserved 1048576K
}
Event: 3.883 GC heap before
{Heap before GC invocations=18 (full 2):
 PSYoungGen      total 23040K, used 22776K [0x000001f4a3500000, 0x000001f4a4d00000, 0x000001f9f8a00000)
  eden space 22016K, 99% used [0x000001f4a3500000,0x000001f4a4a7e3d0,0x000001f4a4a80000)
  from space 1024K, 75% used [0x000001f4a4b00000,0x000001f4a4bc0000,0x000001f4a4c00000)
  to   space 1024K, 0% used [0x000001f4a4c00000,0x000001f4a4c00000,0x000001f4a4d00000)
 ParOldGen       total 68608K, used 22703K [0x000001e9f8a00000, 0x000001e9fcd00000, 0x000001f4a3500000)
  object space 68608K, 33% used [0x000001e9f8a00000,0x000001e9fa02bfc0,0x000001e9fcd00000)
 Metaspace       used 43603K, committed 44608K, reserved 1114112K
  class space    used 4525K, committed 4992K, reserved 1048576K
}
Event: 3.883 GC heap after
{Heap after GC invocations=18 (full 2):
 PSYoungGen      total 23040K, used 800K [0x000001f4a3500000, 0x000001f4a4d00000, 0x000001f9f8a00000)
  eden space 22016K, 0% used [0x000001f4a3500000,0x000001f4a3500000,0x000001f4a4a80000)
  from space 1024K, 78% used [0x000001f4a4c00000,0x000001f4a4cc8000,0x000001f4a4d00000)
  to   space 1024K, 0% used [0x000001f4a4b00000,0x000001f4a4b00000,0x000001f4a4c00000)
 ParOldGen       total 68608K, used 23312K [0x000001e9f8a00000, 0x000001e9fcd00000, 0x000001f4a3500000)
  object space 68608K, 33% used [0x000001e9f8a00000,0x000001e9fa0c41c8,0x000001e9fcd00000)
 Metaspace       used 43603K, committed 44608K, reserved 1114112K
  class space    used 4525K, committed 4992K, reserved 1048576K
}
Event: 3.979 GC heap before
{Heap before GC invocations=19 (full 2):
 PSYoungGen      total 23040K, used 22816K [0x000001f4a3500000, 0x000001f4a4d00000, 0x000001f9f8a00000)
  eden space 22016K, 100% used [0x000001f4a3500000,0x000001f4a4a80000,0x000001f4a4a80000)
  from space 1024K, 78% used [0x000001f4a4c00000,0x000001f4a4cc8000,0x000001f4a4d00000)
  to   space 1024K, 0% used [0x000001f4a4b00000,0x000001f4a4b00000,0x000001f4a4c00000)
 ParOldGen       total 68608K, used 23312K [0x000001e9f8a00000, 0x000001e9fcd00000, 0x000001f4a3500000)
  object space 68608K, 33% used [0x000001e9f8a00000,0x000001e9fa0c41c8,0x000001e9fcd00000)
 Metaspace       used 45237K, committed 46208K, reserved 1114112K
  class space    used 4707K, committed 5120K, reserved 1048576K
}
Event: 3.980 GC heap after
{Heap after GC invocations=19 (full 2):
 PSYoungGen      total 23040K, used 1013K [0x000001f4a3500000, 0x000001f4a4f80000, 0x000001f9f8a00000)
  eden space 22016K, 0% used [0x000001f4a3500000,0x000001f4a3500000,0x000001f4a4a80000)
  from space 1024K, 98% used [0x000001f4a4b00000,0x000001f4a4bfd6d0,0x000001f4a4c00000)
  to   space 2560K, 0% used [0x000001f4a4d00000,0x000001f4a4d00000,0x000001f4a4f80000)
 ParOldGen       total 68608K, used 24480K [0x000001e9f8a00000, 0x000001e9fcd00000, 0x000001f4a3500000)
  object space 68608K, 35% used [0x000001e9f8a00000,0x000001e9fa1e8100,0x000001e9fcd00000)
 Metaspace       used 45237K, committed 46208K, reserved 1114112K
  class space    used 4707K, committed 5120K, reserved 1048576K
}
Event: 4.066 GC heap before
{Heap before GC invocations=20 (full 2):
 PSYoungGen      total 23040K, used 23027K [0x000001f4a3500000, 0x000001f4a4f80000, 0x000001f9f8a00000)
  eden space 22016K, 99% used [0x000001f4a3500000,0x000001f4a4a7f5d0,0x000001f4a4a80000)
  from space 1024K, 98% used [0x000001f4a4b00000,0x000001f4a4bfd6d0,0x000001f4a4c00000)
  to   space 2560K, 0% used [0x000001f4a4d00000,0x000001f4a4d00000,0x000001f4a4f80000)
 ParOldGen       total 68608K, used 24480K [0x000001e9f8a00000, 0x000001e9fcd00000, 0x000001f4a3500000)
  object space 68608K, 35% used [0x000001e9f8a00000,0x000001e9fa1e8100,0x000001e9fcd00000)
 Metaspace       used 46980K, committed 48000K, reserved 1114112K
  class space    used 4947K, committed 5376K, reserved 1048576K
}
Event: 4.067 GC heap after
{Heap after GC invocations=20 (full 2):
 PSYoungGen      total 24576K, used 2062K [0x000001f4a3500000, 0x000001f4a4f80000, 0x000001f9f8a00000)
  eden space 22016K, 0% used [0x000001f4a3500000,0x000001f4a3500000,0x000001f4a4a80000)
  from space 2560K, 80% used [0x000001f4a4d00000,0x000001f4a4f03848,0x000001f4a4f80000)
  to   space 2560K, 0% used [0x000001f4a4a80000,0x000001f4a4a80000,0x000001f4a4d00000)
 ParOldGen       total 68608K, used 25190K [0x000001e9f8a00000, 0x000001e9fcd00000, 0x000001f4a3500000)
  object space 68608K, 36% used [0x000001e9f8a00000,0x000001e9fa299810,0x000001e9fcd00000)
 Metaspace       used 46980K, committed 48000K, reserved 1114112K
  class space    used 4947K, committed 5376K, reserved 1048576K
}
Event: 4.268 GC heap before
{Heap before GC invocations=21 (full 2):
 PSYoungGen      total 24576K, used 24078K [0x000001f4a3500000, 0x000001f4a4f80000, 0x000001f9f8a00000)
  eden space 22016K, 100% used [0x000001f4a3500000,0x000001f4a4a80000,0x000001f4a4a80000)
  from space 2560K, 80% used [0x000001f4a4d00000,0x000001f4a4f03848,0x000001f4a4f80000)
  to   space 2560K, 0% used [0x000001f4a4a80000,0x000001f4a4a80000,0x000001f4a4d00000)
 ParOldGen       total 68608K, used 25190K [0x000001e9f8a00000, 0x000001e9fcd00000, 0x000001f4a3500000)
  object space 68608K, 36% used [0x000001e9f8a00000,0x000001e9fa299810,0x000001e9fcd00000)
 Metaspace       used 49277K, committed 50304K, reserved 1114112K
  class space    used 5242K, committed 5696K, reserved 1048576K
}
Event: 4.269 GC heap after
{Heap after GC invocations=21 (full 2):
 PSYoungGen      total 24576K, used 2368K [0x000001f4a3500000, 0x000001f4a4f80000, 0x000001f9f8a00000)
  eden space 22016K, 0% used [0x000001f4a3500000,0x000001f4a3500000,0x000001f4a4a80000)
  from space 2560K, 92% used [0x000001f4a4a80000,0x000001f4a4cd0000,0x000001f4a4d00000)
  to   space 2560K, 0% used [0x000001f4a4d00000,0x000001f4a4d00000,0x000001f4a4f80000)
 ParOldGen       total 68608K, used 26731K [0x000001e9f8a00000, 0x000001e9fcd00000, 0x000001f4a3500000)
  object space 68608K, 38% used [0x000001e9f8a00000,0x000001e9fa41af80,0x000001e9fcd00000)
 Metaspace       used 49277K, committed 50304K, reserved 1114112K
  class space    used 5242K, committed 5696K, reserved 1048576K
}
Event: 4.478 GC heap before
{Heap before GC invocations=22 (full 2):
 PSYoungGen      total 24576K, used 24384K [0x000001f4a3500000, 0x000001f4a4f80000, 0x000001f9f8a00000)
  eden space 22016K, 100% used [0x000001f4a3500000,0x000001f4a4a80000,0x000001f4a4a80000)
  from space 2560K, 92% used [0x000001f4a4a80000,0x000001f4a4cd0000,0x000001f4a4d00000)
  to   space 2560K, 0% used [0x000001f4a4d00000,0x000001f4a4d00000,0x000001f4a4f80000)
 ParOldGen       total 68608K, used 26731K [0x000001e9f8a00000, 0x000001e9fcd00000, 0x000001f4a3500000)
  object space 68608K, 38% used [0x000001e9f8a00000,0x000001e9fa41af80,0x000001e9fcd00000)
 Metaspace       used 51324K, committed 52288K, reserved 1114112K
  class space    used 5496K, committed 5888K, reserved 1048576K
}
Event: 4.480 GC heap after
{Heap after GC invocations=22 (full 2):
 PSYoungGen      total 23552K, used 1536K [0x000001f4a3500000, 0x000001f4a4e80000, 0x000001f9f8a00000)
  eden space 22016K, 0% used [0x000001f4a3500000,0x000001f4a3500000,0x000001f4a4a80000)
  from space 1536K, 100% used [0x000001f4a4d00000,0x000001f4a4e80000,0x000001f4a4e80000)
  to   space 2048K, 0% used [0x000001f4a4a80000,0x000001f4a4a80000,0x000001f4a4c80000)
 ParOldGen       total 68608K, used 28902K [0x000001e9f8a00000, 0x000001e9fcd00000, 0x000001f4a3500000)
  object space 68608K, 42% used [0x000001e9f8a00000,0x000001e9fa639ad0,0x000001e9fcd00000)
 Metaspace       used 51324K, committed 52288K, reserved 1114112K
  class space    used 5496K, committed 5888K, reserved 1048576K
}

